  [1m[35m (0.1ms)[0m  [1m[34mSELECT sqlite_version(*)[0m
  ↳ bin/rails:9
  [1m[35m (18.0ms)[0m  [1m[35mCREATE TABLE "schema_migrations" ("version" varchar NOT NULL PRIMARY KEY)[0m
  ↳ bin/rails:9
  [1m[35m (12.8ms)[0m  [1m[35mCREATE TABLE "ar_internal_metadata" ("key" varchar NOT NULL PRIMARY KEY, "value" varchar, "created_at" datetime NOT NULL, "updated_at" datetime NOT NULL)[0m
  ↳ bin/rails:9
  [1m[35m (0.4ms)[0m  [1m[34mSELECT "schema_migrations"."version" FROM "schema_migrations" ORDER BY "schema_migrations"."version" ASC[0m
  ↳ bin/rails:9
Migrating to CreateCars (20181128165508)
  [1m[35m (0.1ms)[0m  [1m[36mbegin transaction[0m
  ↳ bin/rails:9
  [1m[35m (2.0ms)[0m  [1m[35mCREATE TABLE "cars" ("id" integer PRIMARY KEY AUTOINCREMENT NOT NULL, "make" varchar, "model" varchar, "year" integer, "created_at" datetime NOT NULL, "updated_at" datetime NOT NULL)[0m
  ↳ db/migrate/20181128165508_create_cars.rb:3
  [1m[36mActiveRecord::SchemaMigration Create (0.2ms)[0m  [1m[32mINSERT INTO "schema_migrations" ("version") VALUES (?)[0m  [["version", "20181128165508"]]
  ↳ bin/rails:9
  [1m[35m (13.5ms)[0m  [1m[36mcommit transaction[0m
  ↳ bin/rails:9
  [1m[36mActiveRecord::InternalMetadata Load (0.2ms)[0m  [1m[34mSELECT  "ar_internal_metadata".* FROM "ar_internal_metadata" WHERE "ar_internal_metadata"."key" = ? LIMIT ?[0m  [["key", "environment"], ["LIMIT", 1]]
  ↳ bin/rails:9
  [1m[35m (0.1ms)[0m  [1m[36mbegin transaction[0m
  ↳ bin/rails:9
  [1m[36mActiveRecord::InternalMetadata Create (2.4ms)[0m  [1m[32mINSERT INTO "ar_internal_metadata" ("key", "value", "created_at", "updated_at") VALUES (?, ?, ?, ?)[0m  [["key", "environment"], ["value", "development"], ["created_at", "2018-11-28 16:56:05.852555"], ["updated_at", "2018-11-28 16:56:05.852555"]]
  ↳ bin/rails:9
  [1m[35m (11.3ms)[0m  [1m[36mcommit transaction[0m
  ↳ bin/rails:9
  [1m[35m (0.1ms)[0m  [1m[34mSELECT "schema_migrations"."version" FROM "schema_migrations" ORDER BY "schema_migrations"."version" ASC[0m
  ↳ bin/rails:9
Started GET "/" for 127.0.0.1 at 2018-11-28 10:04:17 -0700
  [1m[35m (0.2ms)[0m  [1m[34mSELECT "schema_migrations"."version" FROM "schema_migrations" ORDER BY "schema_migrations"."version" ASC[0m
  ↳ /home/gilberto/.rvm/gems/ruby-2.5.1/gems/activerecord-5.2.1.1/lib/active_record/log_subscriber.rb:98
Processing by Rails::WelcomeController#index as HTML
  Rendering /home/gilberto/.rvm/gems/ruby-2.5.1/gems/railties-5.2.1.1/lib/rails/templates/rails/welcome/index.html.erb
  Rendered /home/gilberto/.rvm/gems/ruby-2.5.1/gems/railties-5.2.1.1/lib/rails/templates/rails/welcome/index.html.erb (8.0ms)
Completed 200 OK in 43ms (Views: 24.2ms | ActiveRecord: 0.0ms)


Started GET "/cars" for 127.0.0.1 at 2018-11-28 10:04:58 -0700
Processing by CarsController#index as HTML
  Rendering cars/index.html.erb within layouts/application
  [1m[36mCar Load (0.1ms)[0m  [1m[34mSELECT "cars".* FROM "cars"[0m
  ↳ app/views/cars/index.html.erb:16
  Rendered cars/index.html.erb within layouts/application (3.0ms)
Completed 200 OK in 2744ms (Views: 2734.3ms | ActiveRecord: 0.4ms)


Started GET "/cars/new" for 127.0.0.1 at 2018-11-28 10:05:10 -0700
Processing by CarsController#new as HTML
  Rendering cars/new.html.erb within layouts/application
  Rendered cars/_form.html.erb (89.5ms)
  Rendered cars/new.html.erb within layouts/application (95.0ms)
Completed 200 OK in 183ms (Views: 159.9ms | ActiveRecord: 0.6ms)


Started POST "/cars" for 127.0.0.1 at 2018-11-28 10:05:46 -0700
Processing by CarsController#create as HTML
  Parameters: {"utf8"=>"✓", "authenticity_token"=>"ltX/czw/MuzW+zpTiuKIj1uD6YFRTcD9g7dO4taWJ9PlsONIUL72H4mDzfIRXua+ws0NtTuNHVItODe34uWm2Q==", "car"=>{"make"=>"mercury", "model"=>"milan", "year"=>"2006"}, "commit"=>"Create Car"}
  [1m[35m (0.1ms)[0m  [1m[36mbegin transaction[0m
  ↳ app/controllers/cars_controller.rb:30
  [1m[36mCar Create (5.5ms)[0m  [1m[32mINSERT INTO "cars" ("make", "model", "year", "created_at", "updated_at") VALUES (?, ?, ?, ?, ?)[0m  [["make", "mercury"], ["model", "milan"], ["year", 2006], ["created_at", "2018-11-28 17:05:46.541708"], ["updated_at", "2018-11-28 17:05:46.541708"]]
  ↳ app/controllers/cars_controller.rb:30
  [1m[35m (25.5ms)[0m  [1m[36mcommit transaction[0m
  ↳ app/controllers/cars_controller.rb:30
Redirected to http://0.0.0.0:3000/cars/1
Completed 302 Found in 42ms (ActiveRecord: 31.0ms)


Started GET "/cars/1" for 127.0.0.1 at 2018-11-28 10:05:46 -0700
Processing by CarsController#show as HTML
  Parameters: {"id"=>"1"}
  [1m[36mCar Load (0.8ms)[0m  [1m[34mSELECT  "cars".* FROM "cars" WHERE "cars"."id" = ? LIMIT ?[0m  [["id", 1], ["LIMIT", 1]]
  ↳ app/controllers/cars_controller.rb:67
  Rendering cars/show.html.erb within layouts/application
  Rendered cars/show.html.erb within layouts/application (2.3ms)
Completed 200 OK in 80ms (Views: 37.3ms | ActiveRecord: 0.8ms)


Started GET "/cars" for 127.0.0.1 at 2018-11-28 10:05:52 -0700
Processing by CarsController#index as HTML
  Rendering cars/index.html.erb within layouts/application
  [1m[36mCar Load (3.1ms)[0m  [1m[34mSELECT "cars".* FROM "cars"[0m
  ↳ app/views/cars/index.html.erb:16
  Rendered cars/index.html.erb within layouts/application (10.6ms)
Completed 200 OK in 60ms (Views: 56.4ms | ActiveRecord: 3.1ms)


Started GET "/" for 127.0.0.1 at 2018-11-29 10:04:40 -0700
  [1m[35m (0.1ms)[0m  [1m[34mSELECT "schema_migrations"."version" FROM "schema_migrations" ORDER BY "schema_migrations"."version" ASC[0m
  ↳ /home/gilberto/.rvm/gems/ruby-2.5.1/gems/activerecord-5.2.1.1/lib/active_record/log_subscriber.rb:98
Processing by CarsController#index as HTML
  Rendering cars/index.html.erb within layouts/application
  [1m[36mCar Load (1.4ms)[0m  [1m[34mSELECT "cars".* FROM "cars"[0m
  ↳ app/views/cars/index.html.erb:16
  Rendered cars/index.html.erb within layouts/application (63.1ms)
Completed 200 OK in 841ms (Views: 806.3ms | ActiveRecord: 2.0ms)


Started GET "/" for 127.0.0.1 at 2018-11-29 10:09:04 -0700
Processing by CarsController#index as HTML
  Rendering cars/index.html.erb within layouts/application
  [1m[36mCar Load (0.5ms)[0m  [1m[34mSELECT "cars".* FROM "cars"[0m
  ↳ app/views/cars/index.html.erb:16
  Rendered cars/index.html.erb within layouts/application (2.0ms)
Completed 200 OK in 31ms (Views: 29.5ms | ActiveRecord: 0.5ms)


